2022-05-20 09:55:48,828 INFO:ec29d210e03d2535c8a1051536d318b9 GetAccounts
2022-05-20 09:55:48,871 INFO:443cec2996140c63f1f21e5afdaa309f GetPositions
2022-05-20 09:55:48,894 INFO:5e5c2b86752dce792c50730c5ff0749d ShareBy
2022-05-20 09:55:48,935 INFO:406da9fc24c4cf0b5c2e1795697ea0ec GetCandles
2022-05-20 09:55:49,009 INFO:8ac0dbc89054481d471e84740b3cf73f GetCandles
2022-05-20 09:55:49,053 INFO:e5299a15aa0a5ac3b0cdbf021f40bf46 GetCandles
2022-05-20 09:55:49,108 INFO:f85e3d1acc82793aee96293e1527e692 GetCandles
2022-05-20 09:55:49,147 INFO:716f59476a145c75a774f712f252c3dc GetCandles
2022-05-20 09:55:49,167 INFO:15f22e7b4e2591483af5f6ea1dc775b7 GetCandles
2022-05-20 09:55:49,195 INFO:77693f57d03d6add48689786a139ab33 GetCandles
2022-05-20 09:55:49,236 INFO:d5f1d96d9b905fefcf42989550de78b9 GetCandles
2022-05-20 09:55:49,276 INFO:c4d1dbf0b55d456dd7633e44f62f9e25 GetCandles
2022-05-20 09:55:49,314 INFO:d0c9cdb76aa2eb391818c7a7400fb154 GetCandles
2022-05-20 09:55:49,338 INFO:fdb6e87e6d9feeec9860876ea4d4f35b GetCandles
2022-05-20 09:55:49,368 INFO:45aad24b0b3f8990ce5e69e89a727d5e GetCandles
2022-05-20 09:55:49,394 INFO:d17f19f7be9c90ff52a4b90ce4016e98 GetCandles
2022-05-20 09:55:49,423 INFO:86c95b7e19ca521d09cab4e0af9d4fcb GetCandles
2022-05-20 09:55:49,471 INFO:5c74578dd30c3db3171eeb9ec02b0446 GetCandles
2022-05-20 09:55:49,519 INFO:c53a35997ffb7d0be7690dcc49d5d8dd GetCandles
2022-05-20 09:55:49,581 INFO:Включена подписка на данные для инструмента GAZP c tracking_id=62873b751faf1bd039dd5b9800ce62ce
2022-05-20 10:00:00,029 INFO:Цена закрытия 268.46
2022-05-20 10:05:00,043 INFO:Цена закрытия 267.93
2022-05-20 10:10:00,068 INFO:Цена закрытия 268.0
2022-05-20 10:15:00,103 INFO:Цена закрытия 268.16
2022-05-20 10:20:00,034 INFO:Цена закрытия 267.94
2022-05-20 10:25:00,073 INFO:Цена закрытия 267.1
2022-05-20 10:30:00,103 INFO:Цена закрытия 267.1
2022-05-20 10:35:00,140 INFO:Цена закрытия 266.85
2022-05-20 10:40:00,071 INFO:Цена закрытия 266.99
2022-05-20 10:45:00,104 INFO:Цена закрытия 267.04
2022-05-20 10:50:00,142 INFO:Цена закрытия 266.6
2022-05-20 10:55:00,072 INFO:Цена закрытия 266.74
2022-05-20 11:00:00,108 INFO:Цена закрытия 265.65
2022-05-20 11:00:00,166 ERROR:aae3a779d19bd61d69a7a5c19f6a51e6 PostOrder INVALID_ARGUMENT 30055
2022-05-20 11:00:59,053 INFO:d1556325074d69ebbf6650505feb6764 GetAccounts
2022-05-20 11:00:59,110 INFO:bb17c3b048f58ec9b37e1cf323071df4 GetPositions
2022-05-20 11:00:59,145 INFO:c3aef93e16b6a32ea52ad42c1067ae11 ShareBy
2022-05-20 11:00:59,187 INFO:7b839462dcf29f6d2370a367107514c1 GetCandles
2022-05-20 11:00:59,245 INFO:0ef6e2201a4b5da15b924b899a286eb5 GetCandles
2022-05-20 11:00:59,321 INFO:16c5bdd7f237ec2788d54097a256eff1 GetCandles
2022-05-20 11:00:59,366 INFO:54d2bb5580a0c5180ed9bfb829c74c90 GetCandles
2022-05-20 11:00:59,422 INFO:709ad0a74f65b8353bc2e1cd62ad70de GetCandles
2022-05-20 11:00:59,445 INFO:212ad09d7c7e400df6eca87056595bdf GetCandles
2022-05-20 11:00:59,473 INFO:3c6a011db213f9d70a0bfb745da60b6a GetCandles
2022-05-20 11:00:59,521 INFO:656f20d22df4a73dbe28917db8251fa9 GetCandles
2022-05-20 11:00:59,567 INFO:ef7b8de2b3069ee5a1a8cc03d38b4d3b GetCandles
2022-05-20 11:00:59,610 INFO:8b513fb58bfa96287996975309cd6ba9 GetCandles
2022-05-20 11:00:59,632 INFO:4648a39cbc2a5e75a11d21b84d4e03c1 GetCandles
2022-05-20 11:00:59,650 INFO:7bf3fd4e262062278056ca53bff109d9 GetCandles
2022-05-20 11:00:59,672 INFO:8576bb2ad9159d6a776d57384d17efd3 GetCandles
2022-05-20 11:00:59,697 INFO:a9f41b0fd74df2aaace8e8e1bf2aef88 GetCandles
2022-05-20 11:00:59,737 INFO:5b11ef817d1d1653a71e55db8a933641 GetCandles
2022-05-20 11:00:59,785 INFO:f8777e46bea85fabd891bfe14f21b3a6 GetCandles
2022-05-20 11:00:59,837 INFO:Включена подписка на данные для инструмента GAZP c tracking_id=62874abb9aea0223bf0328247d22d158
2022-05-20 11:05:00,142 INFO:Цена закрытия 264.62
2022-05-20 11:05:00,183 ERROR:0c458e337ad8392b973763886ac9729c PostOrder INVALID_ARGUMENT 30055
2022-05-20 11:15:55,033 INFO:2dc084d7d5b87912c2a7af8c7d544370 GetAccounts
2022-05-20 11:15:55,078 INFO:3d29e347ff99576f19143b71e6aa5b8c GetPositions
2022-05-20 11:15:55,119 INFO:5c60b0ce30d326d5525b800c27c765fc ShareBy
2022-05-20 11:15:55,177 INFO:27bb619ee16b3e37c93693874f14b560 GetCandles
2022-05-20 11:15:55,230 INFO:d861905f6238f659854b4c7f7516e28f GetCandles
2022-05-20 11:15:55,298 INFO:4819e47b174affd154887a4ac87c689b GetCandles
2022-05-20 11:15:55,358 INFO:a14b6c7a6055995829fa5d5071224d78 GetCandles
2022-05-20 11:15:55,401 INFO:2c78fc3a8272ef0a52c94f33870cea44 GetCandles
2022-05-20 11:16:55,504 ERROR:None GetCandles UNAVAILABLE upstream request timeout
2022-05-20 15:09:15,084 INFO:ef25c9d225dd434df927e9a55dceb411 GetAccounts
2022-05-20 15:09:15,149 INFO:35b2b1f37854008a1a818441f01e7bce GetPositions
2022-05-20 15:09:15,205 INFO:773bc67359ceecdabd901dc17a66c607 ShareBy
2022-05-20 15:09:15,247 INFO:867024dc18bf4a997331adb7366a8879 GetCandles
2022-05-20 15:09:15,309 INFO:39ca20d5ca50274e4f0053369e9c3615 GetCandles
2022-05-20 15:09:15,359 INFO:aa541a3a326d93465e4e082d290b001e GetCandles
2022-05-20 15:09:15,414 INFO:0b6ad5885dab5f6984946c12e69f1135 GetCandles
2022-05-20 15:09:15,459 INFO:e610b82356e2d7b86cbd230c35618908 GetCandles
2022-05-20 15:09:15,492 INFO:0987127e8fc06104506a33c4c51cc584 GetCandles
2022-05-20 15:09:15,527 INFO:978050713c415e835110efa6642f2625 GetCandles
2022-05-20 15:09:15,568 INFO:52a387ec645ae6cbf3787c8f04defff2 GetCandles
2022-05-20 15:09:15,616 INFO:998cb36bdfdae9ab918a45cf4333a0a3 GetCandles
2022-05-20 15:09:15,662 INFO:76c6976bb770e647ed54b6e41f9d8305 GetCandles
2022-05-20 15:09:15,697 INFO:81b4310899009722875f867752fdfcf6 GetCandles
2022-05-20 15:09:15,725 INFO:569e23ad353306b5b4f8d6e4ed5f8e84 GetCandles
2022-05-20 15:09:15,748 INFO:c2bbf7a2dd01d672db2b23a1b71f0257 GetCandles
2022-05-20 15:09:15,776 INFO:cfc74e66989cb05c1227750c7369eccd GetCandles
2022-05-20 15:09:15,812 INFO:60359d88a4741a26b43c7ef2b6bde305 GetCandles
2022-05-20 15:09:15,861 INFO:ebfc7e71bf5fe0de6d93eb23c406f74e GetCandles
2022-05-20 15:09:15,911 INFO:Включена подписка на данные для инструмента GAZP c tracking_id=628784eb22607792b351bd9953b06e19
2022-05-20 15:10:00,052 INFO:Цена закрытия 261.32
2022-05-20 15:15:00,087 INFO:Цена закрытия 261.0
2022-05-20 15:20:00,125 INFO:Цена закрытия 260.8
2022-05-20 15:25:00,051 INFO:Цена закрытия 261.22
2022-05-20 15:30:00,086 INFO:Цена закрытия 261.9
2022-05-20 15:35:00,118 INFO:Цена закрытия 262.26
2022-05-20 15:40:00,047 INFO:Цена закрытия 262.44
2022-05-20 15:45:00,088 INFO:Цена закрытия 262.37
2022-05-20 15:50:00,114 INFO:Цена закрытия 262.17
2022-05-20 15:55:00,045 INFO:Цена закрытия 262.1
2022-05-20 16:00:00,078 INFO:Цена закрытия 262.21
2022-05-20 16:05:00,107 INFO:Цена закрытия 262.0
2022-05-20 16:10:00,039 INFO:Цена закрытия 261.51
2022-05-20 16:15:00,074 INFO:Цена закрытия 261.62
2022-05-20 16:21:06,364 INFO:Цена закрытия 261.23
2022-05-20 16:25:00,094 INFO:Цена закрытия 261.62
2022-05-20 16:30:00,179 INFO:Цена закрытия 261.64
2022-05-20 16:35:00,110 INFO:Цена закрытия 261.85
2022-05-20 16:40:00,048 INFO:Цена закрытия 262.68
2022-05-20 16:45:00,513 INFO:Цена закрытия 262.56
2022-05-20 16:50:00,109 INFO:Цена закрытия 261.99
2022-05-20 16:55:00,048 INFO:Цена закрытия 262.36
2022-05-20 17:00:00,075 INFO:Цена закрытия 262.35
2022-05-20 17:05:00,108 INFO:Цена закрытия 262.41
2022-05-20 17:10:00,041 INFO:Цена закрытия 261.7
2022-05-20 17:15:08,988 INFO:Цена закрытия 261.65
2022-05-20 17:20:00,108 INFO:Цена закрытия 261.45
2022-05-20 17:25:00,041 INFO:Цена закрытия 261.8
2022-05-20 17:30:00,072 INFO:Цена закрытия 261.51
2022-05-20 17:35:00,105 INFO:Цена закрытия 261.65
2022-05-20 17:40:00,037 INFO:Цена закрытия 261.2
2022-05-20 17:40:00,341 INFO:94d941da433c1cd4d010f89af880ddaa PostOrder
2022-05-20 17:40:00,342 INFO:Выставлена заявка 31368758810 на покупку одного лота GAZP по цене 261.2
2022-05-20 17:45:00,070 INFO:Цена закрытия 261.21
2022-05-20 17:45:00,123 INFO:a5d61de59855d01b4b0bf1461aaf545a GetOrderState
2022-05-20 17:45:00,124 INFO:Заявка 31368758810 исполнена по цене 2612.0 в 2022-05-20 17:40:00
2022-05-20 17:50:00,104 INFO:Цена закрытия 261.48
2022-05-20 17:55:00,037 INFO:Цена закрытия 261.87
2022-05-20 18:00:00,070 INFO:Цена закрытия 262.07
2022-05-20 18:05:00,108 INFO:Цена закрытия 262.27
2022-05-20 18:10:00,032 INFO:Цена закрытия 261.72
2022-05-20 18:15:00,069 INFO:Цена закрытия 261.73
2022-05-20 18:20:00,116 INFO:Цена закрытия 261.51
2022-05-20 18:25:00,034 INFO:Цена закрытия 261.8
2022-05-20 18:30:00,105 INFO:Цена закрытия 262.13
2022-05-20 18:36:06,120 INFO:Цена закрытия 262.18
2022-05-20 18:40:00,145 INFO:Цена закрытия 262.59
2022-05-20 18:40:00,191 ERROR:2f7dc97873c0e323666fc7c4d016caf7 PostOrder INVALID_ARGUMENT 30079
2022-05-23 07:05:08,623 INFO:26fdaa9e632fae709965ae920627083a GetAccounts
2022-05-23 07:05:08,654 INFO:ea820849af67ca384cfc92081a118db6 GetPositions
2022-05-23 07:05:08,681 INFO:b9d0728783ee4e888583de5e874ba530 ShareBy
2022-05-23 07:05:08,713 INFO:3d26c34276203ec152eda04bed0948ff GetCandles
2022-05-23 07:05:08,742 INFO:0bc7660108c63338a1afc2e47b37f81d GetCandles
2022-05-23 07:05:08,770 INFO:3d7b9fc26ca16d5d9e2c72d592d305cb GetCandles
2022-05-23 07:05:08,818 INFO:add9a8df6163e2e5ecec1ac03c146eb8 GetCandles
2022-05-23 07:05:08,862 INFO:faf8842733622b6050a08a257615c1c8 GetCandles
2022-05-23 07:05:08,910 INFO:4255c1d56a8e672ad0907d77d3b80528 GetCandles
2022-05-23 07:05:08,951 INFO:4c75e62034777ca0c7a8f874c564b69c GetCandles
2022-05-23 07:05:08,986 INFO:b7d422073f4a8aeebf14aa3f8770c944 GetCandles
2022-05-23 07:05:09,005 INFO:c7361c65fb1f19be99ea28e3a2191741 GetCandles
2022-05-23 07:05:09,029 INFO:37a8612ac3c5fd02ece7f178e3b15d69 GetCandles
2022-05-23 07:05:09,075 INFO:2ee5b6320a48f906c5870177a021af0b GetCandles
2022-05-23 07:05:09,119 INFO:8feb50931614fce3bfc00dd3cec97552 GetCandles
2022-05-23 07:05:09,156 INFO:4d6f5c6eb58712cc62f980fdf04eac0f GetCandles
2022-05-23 07:05:09,175 INFO:d26318d55cbce499bd6a6a1d60319cdf GetCandles
2022-05-23 07:05:09,193 INFO:34d44818dce8a25557ccb35df82b5c2c GetCandles
2022-05-23 07:05:09,213 INFO:135b1815921aa9788214bb154ebcc270 GetCandles
2022-05-23 07:05:09,239 INFO:c7f0fce8aa76cdeb971f2da36d10f286 GetCandles
2022-05-23 07:05:09,289 INFO:164a18abe259fb10ab74b09ab242c564 GetCandles
2022-05-23 07:05:09,342 INFO:Включена подписка на данные для инструмента GAZP c tracking_id=628b07f5d6c18f44286e65d562cc810f
2022-05-23 07:16:04,126 INFO:03dc07ed270addfd35cb970c9dbc03ce GetAccounts
2022-05-23 07:16:04,163 INFO:fada8f5943c4b062209f43c3f1269c48 GetPositions
2022-05-23 07:16:04,191 INFO:1cdf78160af671d745f827d267984f96 ShareBy
2022-05-23 07:16:04,221 INFO:b3fe05ccaf208cbcef3f169834b49501 GetCandles
2022-05-23 07:16:04,251 INFO:b39b7fe17f2c605806412a5e00369917 GetCandles
2022-05-23 07:16:04,282 INFO:d7385d8912f894be364aa3ccfb06c74f GetCandles
2022-05-23 07:16:04,325 INFO:45a88470e85dcb9e36c30acd0edfd250 GetCandles
2022-05-23 07:16:04,368 INFO:1f80c85ae8b9d53f1d0409aed87953f5 GetCandles
2022-05-23 07:16:04,425 INFO:6f5c70efa2214422a7181c43cc1810db GetCandles
2022-05-23 07:16:04,468 INFO:94f7253e7c91381c95582864a4e8959f GetCandles
2022-05-23 07:16:04,507 INFO:2beab90c9a70fe002a13ff78eba391c8 GetCandles
2022-05-23 07:16:04,524 INFO:9089535c5f36455a324e46270d452665 GetCandles
2022-05-23 07:16:04,554 INFO:772331ed8aa51ffba6ebb8142b164d02 GetCandles
2022-05-23 07:16:04,595 INFO:235f3ba1fc5f2588aebf6bf740b6f1e8 GetCandles
2022-05-23 07:16:04,636 INFO:ca39386d6e464c1e3dc2c8116f36351a GetCandles
2022-05-23 07:16:04,671 INFO:3b804c3e5c50621ee81e8d2339f748ae GetCandles
2022-05-23 07:16:04,693 INFO:68427a802c9c456ee3fc05fb40841350 GetCandles
2022-05-23 07:16:04,712 INFO:2b52b41bccf86c25a22e4bad289a8be7 GetCandles
2022-05-23 07:16:04,735 INFO:dd0ffa4bbe99d83f7056ab2d3f9a97f5 GetCandles
2022-05-23 07:16:04,761 INFO:64da33f38bf74d0cc11b4c24a3b18481 GetCandles
2022-05-23 07:16:04,804 INFO:dbd9a717c088ec85995aece0fc6accfe GetCandles
2022-05-23 07:16:04,854 INFO:Включена подписка на данные для инструмента GAZP c tracking_id=628b0a841251836ea24ca6fa11115480
2022-05-23 10:00:00,019 INFO:Цена закрытия 265.44
2022-05-23 10:00:00,083 ERROR:cdd35a15acce787a041e3c180442df11 PostOrder INVALID_ARGUMENT 30079
2022-05-23 11:02:49,882 INFO:256ed2733f764b6c2dcc21856df37c42 GetAccounts
2022-05-23 11:02:49,918 INFO:f3a0f8f684a7f41d8c5c20bd666ff404 GetPositions
2022-05-23 11:02:49,947 INFO:60f91355aa0a8675ec64056a20e606ab ShareBy
2022-05-23 11:02:49,980 INFO:5f0d2ececa5e5a2055ab19725362f56e GetCandles
2022-05-23 11:02:50,024 INFO:9c9d685e94a953ec58069aa594d3a585 GetCandles
2022-05-23 11:02:50,054 INFO:c124ef3d2f51c870cdd01f58196ed430 GetCandles
2022-05-23 11:02:50,091 INFO:2c13fdbddf1506dd5a6bc4b06d3c2379 GetCandles
2022-05-23 11:02:50,137 INFO:237214469a0e3f0bb28b00ecc538f6fc GetCandles
2022-05-23 11:02:50,254 INFO:cc9f70119fd8444c9b1fd551dc316301 GetCandles
2022-05-23 11:02:50,319 INFO:c7524d9f950231183f9cadd4aa1975cd GetCandles
2022-05-23 11:02:50,359 INFO:bf8555dc07a855cf945e81364204d01a GetCandles
2022-05-23 11:02:50,405 INFO:d4b0698d525e99c348c7f58b89d831d0 GetCandles
2022-05-23 11:02:50,487 INFO:8ec9543ffe63a33f05b7552c3baaa4c1 GetCandles
2022-05-23 11:02:50,539 INFO:88eef7dafed9fde2308d55031dba314a GetCandles
2022-05-23 11:02:50,597 INFO:bb7fb611ae472e667276a292d2535372 GetCandles
2022-05-23 11:02:50,633 INFO:4cb80fd1a2e80dddfba751af37e753f0 GetCandles
2022-05-23 11:02:50,658 INFO:84401a55d92456d7ec7b2d6832d1870e GetCandles
2022-05-23 11:02:50,675 INFO:10a7e76014f95984ab0fb2cecb225a82 GetCandles
2022-05-23 11:02:50,696 INFO:20e30dbbb72819e031274769358e39bd GetCandles
2022-05-23 11:02:50,723 INFO:16b0d7259baeb6256573217952272a33 GetCandles
2022-05-23 11:02:50,763 INFO:1f63b7f4f4af2c300202c9071341468a GetCandles
2022-05-23 11:02:50,830 INFO:Включена подписка на данные для инструмента GAZP c tracking_id=628b3faacdfafedf791c0c2da7c73fec
2022-05-23 11:05:00,027 INFO:Цена закрытия 267.72
2022-05-23 11:10:00,036 INFO:Цена закрытия 267.29
2022-05-23 11:15:00,020 INFO:Цена закрытия 267.6
2022-05-23 11:20:00,014 INFO:Цена закрытия 267.7
2022-05-23 11:25:00,021 INFO:Цена закрытия 268.69
2022-05-23 11:30:00,014 INFO:Цена закрытия 268.6
2022-05-23 11:35:00,016 INFO:Цена закрытия 268.13
2022-05-23 11:40:00,015 INFO:Цена закрытия 268.48
2022-05-23 11:45:00,015 INFO:Цена закрытия 267.96
2022-05-23 11:50:00,021 INFO:Цена закрытия 267.37
2022-05-23 11:55:00,017 INFO:Цена закрытия 267.81
2022-05-23 12:00:00,024 INFO:Цена закрытия 267.8
2022-05-23 12:05:00,022 INFO:Цена закрытия 267.78
2022-05-23 12:10:00,017 INFO:Цена закрытия 267.83
2022-05-23 12:15:00,021 INFO:Цена закрытия 267.52
2022-05-23 12:20:00,020 INFO:Цена закрытия 266.88
2022-05-23 12:25:00,020 INFO:Цена закрытия 266.71
2022-05-23 12:30:00,018 INFO:Цена закрытия 265.8
2022-05-23 12:35:00,021 INFO:Цена закрытия 265.99
2022-05-23 12:40:00,016 INFO:Цена закрытия 265.74
2022-05-23 12:45:00,017 INFO:Цена закрытия 265.58
2022-05-23 12:50:00,017 INFO:Цена закрытия 265.62
2022-05-23 12:55:00,018 INFO:Цена закрытия 265.19
2022-05-23 13:00:00,021 INFO:Цена закрытия 264.54
2022-05-23 13:05:00,017 INFO:Цена закрытия 265.58
2022-05-23 13:10:00,016 INFO:Цена закрытия 265.09
2022-05-23 13:15:00,019 INFO:Цена закрытия 264.87
2022-05-23 13:20:00,017 INFO:Цена закрытия 264.5
2022-05-23 13:25:00,018 INFO:Цена закрытия 264.99
2022-05-23 13:30:00,020 INFO:Цена закрытия 264.12
2022-05-23 13:35:00,022 INFO:Цена закрытия 264.3
2022-05-23 13:40:00,017 INFO:Цена закрытия 263.98
2022-05-23 13:45:00,015 INFO:Цена закрытия 264.0
2022-05-23 13:50:00,019 INFO:Цена закрытия 263.98
2022-05-23 13:55:00,014 INFO:Цена закрытия 264.0
2022-05-23 14:00:00,014 INFO:Цена закрытия 264.74
2022-05-23 14:05:00,020 INFO:Цена закрытия 265.28
2022-05-23 14:10:00,016 INFO:Цена закрытия 265.3
2022-05-23 14:15:00,022 INFO:Цена закрытия 265.49
2022-05-23 14:20:00,020 INFO:Цена закрытия 266.19
2022-05-23 14:20:00,390 INFO:6e0572df440722cd47d741d19a08bee3 PostOrder
2022-05-23 14:20:00,391 INFO:Выставлена заявка R46498061 (Loginov-Mikhail_22-05-23_14:20:00) на продажу одного лота GAZP по цене 266.19
2022-05-23 14:25:00,021 INFO:Цена закрытия 266.05
2022-05-23 14:25:00,059 INFO:96764c6868f1fca246fab319fc807a95 GetOrderState
2022-05-23 14:25:00,060 INFO:Заявка R46498061 исполнена по цене 2661.91 в 2022-05-23 14:20:00
2022-05-23 14:30:00,018 INFO:Цена закрытия 264.9
2022-05-23 14:35:00,018 INFO:Цена закрытия 265.0
2022-05-23 14:40:00,037 INFO:Цена закрытия 265.28
2022-05-23 14:45:00,018 INFO:Цена закрытия 265.27
2022-05-23 14:50:00,019 INFO:Цена закрытия 264.26
2022-05-23 14:55:00,018 INFO:Цена закрытия 264.39
2022-05-23 15:00:00,024 INFO:Цена закрытия 264.47
2022-05-23 15:05:00,018 INFO:Цена закрытия 265.25
2022-05-23 15:10:00,018 INFO:Цена закрытия 264.45
2022-05-23 15:15:00,015 INFO:Цена закрытия 264.39
2022-05-23 15:20:00,015 INFO:Цена закрытия 264.16
2022-05-23 15:20:00,237 INFO:2c2753150ad665629986bbf6aa18cac3 PostOrder
2022-05-23 15:20:00,238 INFO:Выставлена заявка 31380691317 (Loginov-Mikhail_22-05-23_15:20:00) на покупку одного лота GAZP по цене 264.16
2022-05-23 15:25:00,017 INFO:Цена закрытия 264.6
2022-05-23 15:25:00,053 INFO:ec8fdbd64ed60312229290b439c0259a GetOrderState
2022-05-23 15:25:00,054 INFO:Заявка 31380691317 исполнена по цене 2641.6 в 2022-05-23 15:20:00
2022-05-23 15:30:00,014 INFO:Цена закрытия 264.69
2022-05-23 15:35:00,014 INFO:Цена закрытия 264.32
2022-05-23 15:40:00,019 INFO:Цена закрытия 264.05
2022-05-23 15:45:00,018 INFO:Цена закрытия 263.73
2022-05-23 15:50:00,021 INFO:Цена закрытия 263.95
2022-05-23 15:55:00,016 INFO:Цена закрытия 264.17
2022-05-23 16:00:00,025 INFO:Цена закрытия 264.24
2022-05-23 16:05:00,016 INFO:Цена закрытия 263.6
2022-05-23 16:10:00,020 INFO:Цена закрытия 263.66
2022-05-23 16:15:00,019 INFO:Цена закрытия 263.4
2022-05-23 16:20:00,029 INFO:Цена закрытия 264.05
2022-05-23 16:25:00,022 INFO:Цена закрытия 264.11
2022-05-23 16:30:00,018 INFO:Цена закрытия 264.18
2022-05-23 16:35:00,026 INFO:Цена закрытия 264.47
2022-05-23 16:40:00,023 INFO:Цена закрытия 264.64
2022-05-23 16:45:00,019 INFO:Цена закрытия 265.25
2022-05-23 16:50:00,026 INFO:Цена закрытия 265.09
2022-05-23 16:55:00,027 INFO:Цена закрытия 265.53
2022-05-23 16:55:00,230 INFO:14d3ffbddc4d86c26e6b07b9a2b353fc PostOrder
2022-05-23 16:55:00,231 INFO:Выставлена заявка 31383076262 (Loginov-Mikhail_22-05-23_16:55:00) на продажу одного лота GAZP по цене 265.53
2022-05-23 17:00:00,016 INFO:Цена закрытия 264.65
2022-05-23 17:00:00,081 INFO:9a4c4f2a265fef0b0d13ad089ee86dad GetOrderState
2022-05-23 17:00:00,082 INFO:Заявка 31383076262 исполнена по цене 2655.3 в 2022-05-23 16:55:00
2022-05-23 17:05:00,019 INFO:Цена закрытия 264.93
2022-05-23 17:10:00,019 INFO:Цена закрытия 264.32
2022-05-23 17:15:00,025 INFO:Цена закрытия 264.5
2022-05-23 17:20:00,017 INFO:Цена закрытия 264.54
2022-05-23 17:25:00,023 INFO:Цена закрытия 264.59
2022-05-23 17:30:00,020 INFO:Цена закрытия 264.51
2022-05-23 17:35:00,017 INFO:Цена закрытия 264.56
2022-05-23 17:40:00,022 INFO:Цена закрытия 264.55
2022-05-23 17:45:00,024 INFO:Цена закрытия 263.8
2022-05-23 17:50:00,021 INFO:Цена закрытия 263.9
2022-05-23 17:50:00,233 INFO:baf99e66ab179f9d03ea9f0c8fc28ff2 PostOrder
2022-05-23 17:50:00,234 INFO:Выставлена заявка 31384413150 (Loginov-Mikhail_22-05-23_17:50:00) на покупку одного лота GAZP по цене 263.9
2022-05-23 17:55:00,016 INFO:Цена закрытия 263.75
2022-05-23 17:55:00,048 INFO:eb9529e2e2ce4a6e74156c9dde82c41d GetOrderState
2022-05-23 17:55:00,049 INFO:Заявка 31384413150 исполнена по цене 2639.0 в 2022-05-23 17:50:00
2022-05-23 18:00:00,022 INFO:Цена закрытия 263.64
2022-05-23 18:05:00,023 INFO:Цена закрытия 264.09
2022-05-23 18:10:00,021 INFO:Цена закрытия 264.2
2022-05-23 18:15:00,021 INFO:Цена закрытия 264.28
2022-05-23 18:20:00,018 INFO:Цена закрытия 263.86
2022-05-23 18:25:00,018 INFO:Цена закрытия 264.61
2022-05-23 18:30:00,018 INFO:Цена закрытия 264.43
2022-05-23 18:35:00,025 INFO:Цена закрытия 264.45
2022-05-23 18:40:00,023 INFO:Цена закрытия 264.74
2022-05-23 18:50:00,032 INFO:Цена закрытия 263.0
